Using pre-set license
Built from '2020.3/staging' branch; Version is '2020.3.38f1 (8f5fde82e2dc) revision 9396190'; Using compiler version '192528614'; Build Type 'Release'
OS: 'Windows 10  (10.0.19044) 64bit CoreSingleLanguage' Language: 'ru' Physical Memory: 6090 MB
BatchMode: 1, IsHumanControllingUs: 0, StartBugReporterOnCrash: 0, Is64bit: 1, IsPro: 0

COMMAND LINE ARGUMENTS:
C:\Program Files\Unity\Hub\Editor\2020.3.38f1\Editor\Unity.exe
-adb2
-batchMode
-noUpm
-name
AssetImportWorker0
-projectPath
C:/Users/Пользователь/Unity Lab 1
-logFile
Logs/AssetImportWorker0.log
-srvPort
57574
Successfully changed project path to: C:/Users/Пользователь/Unity Lab 1
C:/Users/Пользователь/Unity Lab 1
Using Asset Import Pipeline V2.
Refreshing native plugins compatible for Editor in 1120.46 ms, found 2 plugins.
Preloading 0 native plugins for Editor in 0.00 ms.
Initialize engine version: 2020.3.38f1 (8f5fde82e2dc)
[Subsystems] Discovering subsystems at path C:/Program Files/Unity/Hub/Editor/2020.3.38f1/Editor/Data/Resources/UnitySubsystems
[Subsystems] Discovering subsystems at path C:/Users/Пользователь/Unity Lab 1/Assets
GfxDevice: creating device client; threaded=0
Direct3D:
    Version:  Direct3D 11.0 [level 11.1]
    Renderer: AMD Radeon(TM) 530 series (ID=0x6900)
    Vendor:   
    VRAM:     2038 MB
    Driver:   27.20.15002.19000
Initialize mono
Mono path[0] = 'C:/Program Files/Unity/Hub/Editor/2020.3.38f1/Editor/Data/Managed'
Mono path[1] = 'C:/Program Files/Unity/Hub/Editor/2020.3.38f1/Editor/Data/MonoBleedingEdge/lib/mono/unityjit'
Mono config path = 'C:/Program Files/Unity/Hub/Editor/2020.3.38f1/Editor/Data/MonoBleedingEdge/etc'
Using monoOptions --debugger-agent=transport=dt_socket,embedding=1,server=y,suspend=n,address=127.0.0.1:56864
Begin MonoManager ReloadAssembly
Registering precompiled unity dll's ...
Register platform support module: C:/Program Files/Unity/Hub/Editor/2020.3.38f1/Editor/Data/PlaybackEngines/WindowsStandaloneSupport/UnityEditor.WindowsStandalone.Extensions.dll
Registered in 0.855789 seconds.
Native extension for WindowsStandalone target not found
Refreshing native plugins compatible for Editor in 366.68 ms, found 2 plugins.
Preloading 0 native plugins for Editor in 0.00 ms.
Unable to find bridge dll in registry for Microsoft Visual Studio Tools for Unity for C:\Program Files (x86)\Microsoft Visual Studio\2019\Professional\Common7\IDE\devenv.exe
Mono: successfully reloaded assembly
- Completed reload, in 21.318 seconds
Domain Reload Profiling:
	ReloadAssembly (21319ms)
		BeginReloadAssembly (10531ms)
			ExecutionOrderSort (0ms)
			DisableScriptedObjects (0ms)
			BackupInstance (0ms)
			ReleaseScriptingObjects (0ms)
			CreateAndSetChildDomain (4ms)
		EndReloadAssembly (9120ms)
			LoadAssemblies (10521ms)
			RebuildTransferFunctionScriptingTraits (4ms)
			SetupTypeCache (6554ms)
			ReleaseScriptCaches (0ms)
			RebuildScriptCaches (187ms)
			SetupLoadedEditorAssemblies (1463ms)
				LogAssemblyErrors (0ms)
				InitializePlatformSupportModulesInManaged (29ms)
				SetLoadedEditorAssemblies (1ms)
				RefreshPlugins (367ms)
				BeforeProcessingInitializeOnLoad (218ms)
				ProcessInitializeOnLoadAttributes (637ms)
				ProcessInitializeOnLoadMethodAttributes (207ms)
				AfterProcessingInitializeOnLoad (0ms)
				EditorAssembliesLoaded (4ms)
			ExecutionOrderSort2 (0ms)
			AwakeInstancesAfterBackupRestoration (0ms)
Platform modules already initialized, skipping
Registering precompiled user dll's ...
Registered in 0.052202 seconds.
Begin MonoManager ReloadAssembly
Native extension for WindowsStandalone target not found
Refreshing native plugins compatible for Editor in 3.18 ms, found 2 plugins.
Preloading 0 native plugins for Editor in 0.00 ms.
Mono: successfully reloaded assembly
- Completed reload, in 31.923 seconds
Domain Reload Profiling:
	ReloadAssembly (31945ms)
		BeginReloadAssembly (1641ms)
			ExecutionOrderSort (0ms)
			DisableScriptedObjects (154ms)
			BackupInstance (0ms)
			ReleaseScriptingObjects (1ms)
			CreateAndSetChildDomain (106ms)
		EndReloadAssembly (28862ms)
			LoadAssemblies (16604ms)
			RebuildTransferFunctionScriptingTraits (0ms)
			SetupTypeCache (4275ms)
			ReleaseScriptCaches (35ms)
			RebuildScriptCaches (360ms)
			SetupLoadedEditorAssemblies (7078ms)
				LogAssemblyErrors (0ms)
				InitializePlatformSupportModulesInManaged (21ms)
				SetLoadedEditorAssemblies (2ms)
				RefreshPlugins (3ms)
				BeforeProcessingInitializeOnLoad (1199ms)
				ProcessInitializeOnLoadAttributes (2146ms)
				ProcessInitializeOnLoadMethodAttributes (3650ms)
				AfterProcessingInitializeOnLoad (56ms)
				EditorAssembliesLoaded (1ms)
			ExecutionOrderSort2 (0ms)
			AwakeInstancesAfterBackupRestoration (10ms)
Platform modules already initialized, skipping
========================================================================
Worker process is ready to serve import requests
Launched and connected shader compiler UnityShaderCompiler.exe after 0.41 seconds
Refreshing native plugins compatible for Editor in 2.97 ms, found 2 plugins.
Preloading 0 native plugins for Editor in 0.00 ms.
Unloading 2380 Unused Serialized files (Serialized files now loaded: 0)
System memory in use before: 92.5 MB.
System memory in use after: 92.6 MB.

Unloading 61 unused Assets to reduce memory usage. Loaded Objects now: 2783.
Total: 28.060300 ms (FindLiveObjects: 0.529100 ms CreateObjectMapping: 0.645800 ms MarkObjects: 26.611600 ms  DeleteObjects: 0.270200 ms)

AssetImportParameters requested are different than current active one (requested -> active):
  custom:framework-win-MediaFoundation: 216162199b28c13a410421893ffa2e32 -> 
  custom:video-decoder-ogg-theora: a1e56fd34408186e4bbccfd4996cb3dc -> 
  custom:container-muxer-webm: aa71ff27fc2769a1b78a27578f13a17b -> 
  custom:container-demuxer-webm: 4f35f7cbe854078d1ac9338744f61a02 -> 
  custom:container-demuxer-ogg: 62fdf1f143b41e24485cea50d1cbac27 -> 
  custom:video-encoder-webm-vp8: eb34c28f22e8b96e1ab97ce403110664 -> 
  custom:video-decoder-webm-vp8: 9c59270c3fd7afecdb556c50c9e8de78 -> 
  custom:audio-decoder-ogg-vorbis: bf7c407c2cedff20999df2af8eb42d56 -> 
  custom:audio-encoder-webm-vorbis: bf7c407c2cedff20999df2af8eb42d56 -> 
========================================================================
Received Import Request.
  path: Assets/8 Ball Texture.png
  artifactKey: Guid(2223cfe9b3a4b79408e415e5bf1d1392) Importer(815301076,1909f56bfc062723c751e8b465ee728b)
Start importing Assets/8 Ball Texture.png using Guid(2223cfe9b3a4b79408e415e5bf1d1392) Importer(815301076,1909f56bfc062723c751e8b465ee728b)  -> (artifact id: '1a82798b6261b38027182a9d604a4a01') in 0.410050 seconds 
========================================================================
Received Import Request.
  Time since last request: 303.703207 seconds.
  path: Assets/ball.unity
  artifactKey: Guid(54f23f1c964617a4eafeeb9327f7605b) Importer(815301076,1909f56bfc062723c751e8b465ee728b)
Start importing Assets/ball.unity using Guid(54f23f1c964617a4eafeeb9327f7605b) Importer(815301076,1909f56bfc062723c751e8b465ee728b)  -> (artifact id: '2d0d497634baa32267e0a56011d6ed39') in 0.040447 seconds 
========================================================================
Received Import Request.
  Time since last request: 127.714285 seconds.
  path: Assets/pexels-aarti-vijay-2693529.jpg
  artifactKey: Guid(9046a45f52e3233499a0031d0d595914) Importer(815301076,1909f56bfc062723c751e8b465ee728b)
Start importing Assets/pexels-aarti-vijay-2693529.jpg using Guid(9046a45f52e3233499a0031d0d595914) Importer(815301076,1909f56bfc062723c751e8b465ee728b)  -> (artifact id: '9c9d5a7f6670035c399b8320864e3ece') in 0.151341 seconds 
========================================================================
Received Import Request.
  Time since last request: 189.274077 seconds.
  path: Assets/13 Ball Texture.png
  artifactKey: Guid(72af3e59e824e9b4baf36377a9421814) Importer(815301076,1909f56bfc062723c751e8b465ee728b)
Start importing Assets/13 Ball Texture.png using Guid(72af3e59e824e9b4baf36377a9421814) Importer(815301076,1909f56bfc062723c751e8b465ee728b)  -> (artifact id: '154ae1504ad959b7ad4dd94b275bbbe2') in 0.459704 seconds 
========================================================================
Received Import Request.
  Time since last request: 14.040011 seconds.
  path: Assets/s4.reutersmedia.jpeg
  artifactKey: Guid(d60c9054d3b9159429fe6c6d7b0cd2c9) Importer(815301076,1909f56bfc062723c751e8b465ee728b)
Start importing Assets/s4.reutersmedia.jpeg using Guid(d60c9054d3b9159429fe6c6d7b0cd2c9) Importer(815301076,1909f56bfc062723c751e8b465ee728b)  -> (artifact id: 'b778fc242fcdd2401963038106f013c4') in 0.694031 seconds 
AssetImportWorkerClient::OnTransportError - code=2 error=End of file
